# JRE version: Java(TM) SE Runtime Environment (8.0_191-b12) (build 1.8.0_191-b12)
# Java VM: Java HotSpot(TM) Client VM (25.191-b12 mixed mode windows-x86 )
Heap:
 def new generation   total 83648K, used 17684K [0x04c00000, 0x0a6c0000, 0x0f6a0000)
  eden space 74368K,  23% used [0x04c00000, 0x05d44b40, 0x094a0000)
  from space 9280K,   0% used [0x09db0000, 0x09db04e8, 0x0a6c0000)
  to   space 9280K,   0% used [0x094a0000, 0x094a0000, 0x09db0000)
 tenured generation   total 185720K, used 132534K [0x0f6a0000, 0x1abfe000, 0x24c00000)
   the space 185720K,  71% used [0x0f6a0000, 0x1780d870, 0x1780da00, 0x1abfe000)
 Metaspace       used 25485K, capacity 26028K, committed 26112K, reserved 27008K
GC Heap History (10 events):
Event: 13912.748 GC heap before
{Heap before GC invocations=389 (full 4):
 def new generation   total 83648K, used 74369K [0x04c00000, 0x0a6c0000, 0x0f6a0000)
  eden space 74368K, 100% used [0x04c00000, 0x094a0000, 0x094a0000)
  from space 9280K,   0% used [0x094a0000, 0x094a04e8, 0x09db0000)
  to   space 9280K,   0% used [0x09db0000, 0x09db0000, 0x0a6c0000)
 tenured generation   total 185720K, used 132534K [0x0f6a0000, 0x1abfe000, 0x24c00000)
   the space 185720K,  71% used [0x0f6a0000, 0x1780d870, 0x1780da00, 0x1abfe000)
 Metaspace       used 25485K, capacity 26028K, committed 26112K, reserved 27008K
Event: 13912.750 GC heap after
Heap after GC invocations=390 (full 4):
 def new generation   total 83648K, used 1K [0x04c00000, 0x0a6c0000, 0x0f6a0000)
  eden space 74368K,   0% used [0x04c00000, 0x04c00000, 0x094a0000)
  from space 9280K,   0% used [0x09db0000, 0x09db0590, 0x0a6c0000)
  to   space 9280K,   0% used [0x094a0000, 0x094a0000, 0x09db0000)
 tenured generation   total 185720K, used 132534K [0x0f6a0000, 0x1abfe000, 0x24c00000)
   the space 185720K,  71% used [0x0f6a0000, 0x1780d870, 0x1780da00, 0x1abfe000)
 Metaspace       used 25485K, capacity 26028K, committed 26112K, reserved 27008K
}
Event: 13929.911 GC heap before
{Heap before GC invocations=390 (full 4):
 def new generation   total 83648K, used 74369K [0x04c00000, 0x0a6c0000, 0x0f6a0000)
  eden space 74368K, 100% used [0x04c00000, 0x094a0000, 0x094a0000)
  from space 9280K,   0% used [0x09db0000, 0x09db0590, 0x0a6c0000)
  to   space 9280K,   0% used [0x094a0000, 0x094a0000, 0x09db0000)
 tenured generation   total 185720K, used 132534K [0x0f6a0000, 0x1abfe000, 0x24c00000)
   the space 185720K,  71% used [0x0f6a0000, 0x1780d870, 0x1780da00, 0x1abfe000)
 Metaspace       used 25485K, capacity 26028K, committed 26112K, reserved 27008K
Event: 13929.914 GC heap after
Heap after GC invocations=391 (full 4):
 def new generation   total 83648K, used 1K [0x04c00000, 0x0a6c0000, 0x0f6a0000)
  eden space 74368K,   0% used [0x04c00000, 0x04c00000, 0x094a0000)
  from space 9280K,   0% used [0x094a0000, 0x094a04f8, 0x09db0000)
  to   space 9280K,   0% used [0x09db0000, 0x09db0000, 0x0a6c0000)
 tenured generation   total 185720K, used 132534K [0x0f6a0000, 0x1abfe000, 0x24c00000)
   the space 185720K,  71% used [0x0f6a0000, 0x1780d870, 0x1780da00, 0x1abfe000)
 Metaspace       used 25485K, capacity 26028K, committed 26112K, reserved 27008K
}
Event: 13947.218 GC heap before
{Heap before GC invocations=391 (full 4):
 def new generation   total 83648K, used 74369K [0x04c00000, 0x0a6c0000, 0x0f6a0000)
  eden space 74368K, 100% used [0x04c00000, 0x094a0000, 0x094a0000)
  from space 9280K,   0% used [0x094a0000, 0x094a04f8, 0x09db0000)
  to   space 9280K,   0% used [0x09db0000, 0x09db0000, 0x0a6c0000)
 tenured generation   total 185720K, used 132534K [0x0f6a0000, 0x1abfe000, 0x24c00000)
   the space 185720K,  71% used [0x0f6a0000, 0x1780d870, 0x1780da00, 0x1abfe000)
 Metaspace       used 25485K, capacity 26028K, committed 26112K, reserved 27008K
Event: 13947.221 GC heap after
Heap after GC invocations=392 (full 4):
 def new generation   total 83648K, used 2K [0x04c00000, 0x0a6c0000, 0x0f6a0000)
  eden space 74368K,   0% used [0x04c00000, 0x04c00000, 0x094a0000)
  from space 9280K,   0% used [0x09db0000, 0x09db0848, 0x0a6c0000)
  to   space 9280K,   0% used [0x094a0000, 0x094a0000, 0x09db0000)
 tenured generation   total 185720K, used 132534K [0x0f6a0000, 0x1abfe000, 0x24c00000)
   the space 185720K,  71% used [0x0f6a0000, 0x1780d870, 0x1780da00, 0x1abfe000)
 Metaspace       used 25485K, capacity 26028K, committed 26112K, reserved 27008K
}
Event: 13964.206 GC heap before
{Heap before GC invocations=392 (full 4):
 def new generation   total 83648K, used 74370K [0x04c00000, 0x0a6c0000, 0x0f6a0000)
  eden space 74368K, 100% used [0x04c00000, 0x094a0000, 0x094a0000)
  from space 9280K,   0% used [0x09db0000, 0x09db0848, 0x0a6c0000)
  to   space 9280K,   0% used [0x094a0000, 0x094a0000, 0x09db0000)
 tenured generation   total 185720K, used 132534K [0x0f6a0000, 0x1abfe000, 0x24c00000)
   the space 185720K,  71% used [0x0f6a0000, 0x1780d870, 0x1780da00, 0x1abfe000)
 Metaspace       used 25485K, capacity 26028K, committed 26112K, reserved 27008K
Event: 13964.208 GC heap after
Heap after GC invocations=393 (full 4):
 def new generation   total 83648K, used 1K [0x04c00000, 0x0a6c0000, 0x0f6a0000)
  eden space 74368K,   0% used [0x04c00000, 0x04c00000, 0x094a0000)
  from space 9280K,   0% used [0x094a0000, 0x094a06e0, 0x09db0000)
  to   space 9280K,   0% used [0x09db0000, 0x09db0000, 0x0a6c0000)
 tenured generation   total 185720K, used 132534K [0x0f6a0000, 0x1abfe000, 0x24c00000)
   the space 185720K,  71% used [0x0f6a0000, 0x1780d870, 0x1780da00, 0x1abfe000)
 Metaspace       used 25485K, capacity 26028K, committed 26112K, reserved 27008K
}
Event: 13981.149 GC heap before
{Heap before GC invocations=393 (full 4):
 def new generation   total 83648K, used 74369K [0x04c00000, 0x0a6c0000, 0x0f6a0000)
  eden space 74368K, 100% used [0x04c00000, 0x094a0000, 0x094a0000)
  from space 9280K,   0% used [0x094a0000, 0x094a06e0, 0x09db0000)
  to   space 9280K,   0% used [0x09db0000, 0x09db0000, 0x0a6c0000)
 tenured generation   total 185720K, used 132534K [0x0f6a0000, 0x1abfe000, 0x24c00000)
   the space 185720K,  71% used [0x0f6a0000, 0x1780d870, 0x1780da00, 0x1abfe000)
 Metaspace       used 25485K, capacity 26028K, committed 26112K, reserved 27008K
Event: 13981.152 GC heap after
Heap after GC invocations=394 (full 4):
 def new generation   total 83648K, used 1K [0x04c00000, 0x0a6c0000, 0x0f6a0000)
  eden space 74368K,   0% used [0x04c00000, 0x04c00000, 0x094a0000)
  from space 9280K,   0% used [0x09db0000, 0x09db04e8, 0x0a6c0000)
  to   space 9280K,   0% used [0x094a0000, 0x094a0000, 0x09db0000)
 tenured generation   total 185720K, used 132534K [0x0f6a0000, 0x1abfe000, 0x24c00000)
   the space 185720K,  71% used [0x0f6a0000, 0x1780d870, 0x1780da00, 0x1abfe000)
 Metaspace       used 25485K, capacity 26028K, committed 26112K, reserved 27008K
}

